# JRE version: OpenJDK Runtime Environment (17.0.11) (build 17.0.11+0--11852314)
# Java VM: OpenJDK 64-Bit Server VM (17.0.11+0--11852314, mixed mode, tiered, compressed oops, compressed class ptrs, g1 gc, windows-amd64)
GC Precious Log:
 CPUs: 8 total, 8 available
 Memory: 6005M
 Large Page Support: Disabled
 NUMA Support: Disabled
 Compressed Oops: Enabled (Zero based)
 Heap Region Size: 2M
 Heap Min Capacity: 8M
 Heap Initial Capacity: 94M
 Heap Max Capacity: 4G
 Pre-touch: Disabled
 Parallel Workers: 8
 Concurrent Workers: 2
 Concurrent Refinement Workers: 8
 Periodic GC: Disabled
Heap:
 garbage-first heap   total 499712K, used 175110K [0x0000000700000000, 0x0000000800000000)
  region size 2048K, 1 young (2048K), 1 survivors (2048K)
 Metaspace       used 130638K, committed 131776K, reserved 1179648K
  class space    used 17774K, committed 18304K, reserved 1048576K
GC Heap History (20 events):
Event: 821.679 GC heap after
{Heap after GC invocations=87 (full 0):
 garbage-first heap   total 397312K, used 177982K [0x0000000700000000, 0x0000000800000000)
  region size 2048K, 6 young (12288K), 6 survivors (12288K)
 Metaspace       used 122355K, committed 123520K, reserved 1179648K
  class space    used 16804K, committed 17344K, reserved 1048576K
}
Event: 823.946 GC heap before
{Heap before GC invocations=88 (full 0):
 garbage-first heap   total 397312K, used 376638K [0x0000000700000000, 0x0000000800000000)
  region size 2048K, 25 young (51200K), 6 survivors (12288K)
 Metaspace       used 122600K, committed 123712K, reserved 1179648K
  class space    used 16821K, committed 17344K, reserved 1048576K
}
Event: 823.954 GC heap after
{Heap after GC invocations=89 (full 0):
 garbage-first heap   total 397312K, used 206031K [0x0000000700000000, 0x0000000800000000)
  region size 2048K, 2 young (4096K), 2 survivors (4096K)
 Metaspace       used 122600K, committed 123712K, reserved 1179648K
  class space    used 16821K, committed 17344K, reserved 1048576K
}
Event: 1154.375 GC heap before
{Heap before GC invocations=89 (full 0):
 garbage-first heap   total 397312K, used 302287K [0x0000000700000000, 0x0000000800000000)
  region size 2048K, 9 young (18432K), 2 survivors (4096K)
 Metaspace       used 122644K, committed 123776K, reserved 1179648K
  class space    used 16823K, committed 17344K, reserved 1048576K
}
Event: 1154.722 GC heap after
{Heap after GC invocations=90 (full 0):
 garbage-first heap   total 397312K, used 172819K [0x0000000700000000, 0x0000000800000000)
  region size 2048K, 1 young (2048K), 1 survivors (2048K)
 Metaspace       used 122644K, committed 123776K, reserved 1179648K
  class space    used 16823K, committed 17344K, reserved 1048576K
}
Event: 3409.157 GC heap before
{Heap before GC invocations=90 (full 0):
 garbage-first heap   total 397312K, used 305939K [0x0000000700000000, 0x0000000800000000)
  region size 2048K, 66 young (135168K), 1 survivors (2048K)
 Metaspace       used 123044K, committed 124224K, reserved 1179648K
  class space    used 16842K, committed 17408K, reserved 1048576K
}
Event: 3409.418 GC heap after
{Heap after GC invocations=91 (full 0):
 garbage-first heap   total 397312K, used 182336K [0x0000000700000000, 0x0000000800000000)
  region size 2048K, 6 young (12288K), 6 survivors (12288K)
 Metaspace       used 123044K, committed 124224K, reserved 1179648K
  class space    used 16842K, committed 17408K, reserved 1048576K
}
Event: 3412.087 GC heap before
{Heap before GC invocations=92 (full 0):
 garbage-first heap   total 397312K, used 217152K [0x0000000700000000, 0x0000000800000000)
  region size 2048K, 24 young (49152K), 6 survivors (12288K)
 Metaspace       used 125949K, committed 127104K, reserved 1179648K
  class space    used 17326K, committed 17856K, reserved 1048576K
}
Event: 3412.146 GC heap after
{Heap after GC invocations=93 (full 0):
 garbage-first heap   total 397312K, used 186230K [0x0000000700000000, 0x0000000800000000)
  region size 2048K, 2 young (4096K), 2 survivors (4096K)
 Metaspace       used 125949K, committed 127104K, reserved 1179648K
  class space    used 17326K, committed 17856K, reserved 1048576K
}
Event: 3412.312 GC heap before
{Heap before GC invocations=93 (full 0):
 garbage-first heap   total 397312K, used 200566K [0x0000000700000000, 0x0000000800000000)
  region size 2048K, 9 young (18432K), 2 survivors (4096K)
 Metaspace       used 125982K, committed 127168K, reserved 1179648K
  class space    used 17326K, committed 17856K, reserved 1048576K
}
Event: 3412.338 GC heap after
{Heap after GC invocations=94 (full 0):
 garbage-first heap   total 397312K, used 182667K [0x0000000700000000, 0x0000000800000000)
  region size 2048K, 1 young (2048K), 1 survivors (2048K)
 Metaspace       used 125982K, committed 127168K, reserved 1179648K
  class space    used 17326K, committed 17856K, reserved 1048576K
}
Event: 3490.393 GC heap before
{Heap before GC invocations=94 (full 0):
 garbage-first heap   total 397312K, used 301451K [0x0000000700000000, 0x0000000800000000)
  region size 2048K, 60 young (122880K), 1 survivors (2048K)
 Metaspace       used 130109K, committed 131264K, reserved 1179648K
  class space    used 17743K, committed 18240K, reserved 1048576K
}
Event: 3490.413 GC heap after
{Heap after GC invocations=95 (full 0):
 garbage-first heap   total 397312K, used 185970K [0x0000000700000000, 0x0000000800000000)
  region size 2048K, 3 young (6144K), 3 survivors (6144K)
 Metaspace       used 130109K, committed 131264K, reserved 1179648K
  class space    used 17743K, committed 18240K, reserved 1048576K
}
Event: 3509.357 GC heap before
{Heap before GC invocations=96 (full 0):
 garbage-first heap   total 397312K, used 310898K [0x0000000700000000, 0x0000000800000000)
  region size 2048K, 66 young (135168K), 3 survivors (6144K)
 Metaspace       used 130602K, committed 131776K, reserved 1179648K
  class space    used 17779K, committed 18304K, reserved 1048576K
}
Event: 3509.404 GC heap after
{Heap after GC invocations=97 (full 0):
 garbage-first heap   total 397312K, used 187890K [0x0000000700000000, 0x0000000800000000)
  region size 2048K, 5 young (10240K), 5 survivors (10240K)
 Metaspace       used 130602K, committed 131776K, reserved 1179648K
  class space    used 17779K, committed 18304K, reserved 1048576K
}
Event: 3509.502 GC heap before
{Heap before GC invocations=97 (full 0):
 garbage-first heap   total 397312K, used 194034K [0x0000000700000000, 0x0000000800000000)
  region size 2048K, 9 young (18432K), 5 survivors (10240K)
 Metaspace       used 130603K, committed 131776K, reserved 1179648K
  class space    used 17779K, committed 18304K, reserved 1048576K
}
Event: 3509.564 GC heap after
{Heap after GC invocations=98 (full 0):
 garbage-first heap   total 397312K, used 173974K [0x0000000700000000, 0x0000000800000000)
  region size 2048K, 1 young (2048K), 1 survivors (2048K)
 Metaspace       used 130603K, committed 131776K, reserved 1179648K
  class space    used 17779K, committed 18304K, reserved 1048576K
}
Event: 3510.171 GC heap before
{Heap before GC invocations=98 (full 0):
 garbage-first heap   total 397312K, used 315286K [0x0000000700000000, 0x0000000800000000)
  region size 2048K, 71 young (145408K), 1 survivors (2048K)
 Metaspace       used 130621K, committed 131776K, reserved 1179648K
  class space    used 17779K, committed 18304K, reserved 1048576K
}
Event: 3510.224 GC heap after
{Heap after GC invocations=99 (full 0):
 garbage-first heap   total 397312K, used 174033K [0x0000000700000000, 0x0000000800000000)
  region size 2048K, 1 young (2048K), 1 survivors (2048K)
 Metaspace       used 130621K, committed 131776K, reserved 1179648K
  class space    used 17779K, committed 18304K, reserved 1048576K
}
Event: 3514.723 GC heap before
{Heap before GC invocations=99 (full 0):
 garbage-first heap   total 499712K, used 323537K [0x0000000700000000, 0x0000000800000000)
  region size 2048K, 75 young (153600K), 1 survivors (2048K)
 Metaspace       used 130638K, committed 131776K, reserved 1179648K
  class space    used 17774K, committed 18304K, reserved 1048576K
}

