# JRE version: OpenJDK Runtime Environment (17.0.11) (build 17.0.11+0--11852314)
# Java VM: OpenJDK 64-Bit Server VM (17.0.11+0--11852314, mixed mode, tiered, compressed oops, compressed class ptrs, g1 gc, windows-amd64)
GC Precious Log:
 CPUs: 8 total, 8 available
 Memory: 6005M
 Large Page Support: Disabled
 NUMA Support: Disabled
 Compressed Oops: Enabled (Zero based)
 Heap Region Size: 2M
 Heap Min Capacity: 8M
 Heap Initial Capacity: 94M
 Heap Max Capacity: 4G
 Pre-touch: Disabled
 Parallel Workers: 8
 Concurrent Workers: 2
 Concurrent Refinement Workers: 8
 Periodic GC: Disabled
Heap:
 garbage-first heap   total 761856K, used 288080K [0x0000000700000000, 0x0000000800000000)
  region size 2048K, 15 young (30720K), 15 survivors (30720K)
 Metaspace       used 175726K, committed 177792K, reserved 1245184K
  class space    used 23487K, committed 24448K, reserved 1048576K
GC Heap History (20 events):
Event: 4742.192 GC heap after
{Heap after GC invocations=95 (full 0):
 garbage-first heap   total 663552K, used 416846K [0x0000000700000000, 0x0000000800000000)
  region size 2048K, 5 young (10240K), 5 survivors (10240K)
 Metaspace       used 147221K, committed 149120K, reserved 1179648K
  class space    used 19437K, committed 20352K, reserved 1048576K
}
Event: 4783.653 GC heap before
{Heap before GC invocations=96 (full 0):
 garbage-first heap   total 761856K, used 707662K [0x0000000700000000, 0x0000000800000000)
  region size 2048K, 59 young (120832K), 5 survivors (10240K)
 Metaspace       used 147506K, committed 149568K, reserved 1179648K
  class space    used 19451K, committed 20416K, reserved 1048576K
}
Event: 4783.751 GC heap after
{Heap after GC invocations=97 (full 0):
 garbage-first heap   total 761856K, used 399107K [0x0000000700000000, 0x0000000800000000)
  region size 2048K, 5 young (10240K), 5 survivors (10240K)
 Metaspace       used 147506K, committed 149568K, reserved 1179648K
  class space    used 19451K, committed 20416K, reserved 1048576K
}
Event: 4786.285 GC heap before
{Heap before GC invocations=97 (full 0):
 garbage-first heap   total 761856K, used 722691K [0x0000000700000000, 0x0000000800000000)
  region size 2048K, 8 young (16384K), 5 survivors (10240K)
 Metaspace       used 147506K, committed 149568K, reserved 1179648K
  class space    used 19451K, committed 20416K, reserved 1048576K
}
Event: 4786.313 GC heap after
{Heap after GC invocations=98 (full 0):
 garbage-first heap   total 761856K, used 266040K [0x0000000700000000, 0x0000000800000000)
  region size 2048K, 2 young (4096K), 2 survivors (4096K)
 Metaspace       used 147506K, committed 149568K, reserved 1179648K
  class space    used 19451K, committed 20416K, reserved 1048576K
}
Event: 4787.403 GC heap before
{Heap before GC invocations=98 (full 0):
 garbage-first heap   total 761856K, used 440120K [0x0000000700000000, 0x0000000800000000)
  region size 2048K, 18 young (36864K), 2 survivors (4096K)
 Metaspace       used 147712K, committed 149696K, reserved 1179648K
  class space    used 19484K, committed 20416K, reserved 1048576K
}
Event: 4787.425 GC heap after
{Heap after GC invocations=99 (full 0):
 garbage-first heap   total 761856K, used 194951K [0x0000000700000000, 0x0000000800000000)
  region size 2048K, 3 young (6144K), 3 survivors (6144K)
 Metaspace       used 147712K, committed 149696K, reserved 1179648K
  class space    used 19484K, committed 20416K, reserved 1048576K
}
Event: 4792.176 GC heap before
{Heap before GC invocations=99 (full 0):
 garbage-first heap   total 761856K, used 633223K [0x0000000700000000, 0x0000000800000000)
  region size 2048K, 216 young (442368K), 3 survivors (6144K)
 Metaspace       used 154499K, committed 156480K, reserved 1245184K
  class space    used 20279K, committed 21184K, reserved 1048576K
}
Event: 4792.201 GC heap after
{Heap after GC invocations=100 (full 0):
 garbage-first heap   total 761856K, used 204321K [0x0000000700000000, 0x0000000800000000)
  region size 2048K, 7 young (14336K), 7 survivors (14336K)
 Metaspace       used 154499K, committed 156480K, reserved 1245184K
  class space    used 20279K, committed 21184K, reserved 1048576K
}
Event: 4797.801 GC heap before
{Heap before GC invocations=100 (full 0):
 garbage-first heap   total 761856K, used 482849K [0x0000000700000000, 0x0000000800000000)
  region size 2048K, 145 young (296960K), 7 survivors (14336K)
 Metaspace       used 168035K, committed 170048K, reserved 1245184K
  class space    used 22512K, committed 23488K, reserved 1048576K
}
Event: 4797.839 GC heap after
{Heap after GC invocations=101 (full 0):
 garbage-first heap   total 761856K, used 240939K [0x0000000700000000, 0x0000000800000000)
  region size 2048K, 25 young (51200K), 25 survivors (51200K)
 Metaspace       used 168035K, committed 170048K, reserved 1245184K
  class space    used 22512K, committed 23488K, reserved 1048576K
}
Event: 4800.091 GC heap before
{Heap before GC invocations=102 (full 0):
 garbage-first heap   total 761856K, used 638251K [0x0000000700000000, 0x0000000800000000)
  region size 2048K, 209 young (428032K), 25 survivors (51200K)
 Metaspace       used 172374K, committed 174464K, reserved 1245184K
  class space    used 23014K, committed 24000K, reserved 1048576K
}
Event: 4800.529 GC heap after
{Heap after GC invocations=103 (full 0):
 garbage-first heap   total 761856K, used 265571K [0x0000000700000000, 0x0000000800000000)
  region size 2048K, 11 young (22528K), 11 survivors (22528K)
 Metaspace       used 172374K, committed 174464K, reserved 1245184K
  class space    used 23014K, committed 24000K, reserved 1048576K
}
Event: 4800.617 GC heap before
{Heap before GC invocations=103 (full 0):
 garbage-first heap   total 761856K, used 279907K [0x0000000700000000, 0x0000000800000000)
  region size 2048K, 18 young (36864K), 11 survivors (22528K)
 Metaspace       used 172452K, committed 174528K, reserved 1245184K
  class space    used 23021K, committed 24000K, reserved 1048576K
}
Event: 4800.654 GC heap after
{Heap after GC invocations=104 (full 0):
 garbage-first heap   total 761856K, used 261456K [0x0000000700000000, 0x0000000800000000)
  region size 2048K, 2 young (4096K), 2 survivors (4096K)
 Metaspace       used 172452K, committed 174528K, reserved 1245184K
  class space    used 23021K, committed 24000K, reserved 1048576K
}
Event: 4802.348 GC heap before
{Heap before GC invocations=104 (full 0):
 garbage-first heap   total 761856K, used 619856K [0x0000000700000000, 0x0000000800000000)
  region size 2048K, 178 young (364544K), 2 survivors (4096K)
 Metaspace       used 173351K, committed 175360K, reserved 1245184K
  class space    used 23126K, committed 24064K, reserved 1048576K
}
Event: 4802.413 GC heap after
{Heap after GC invocations=105 (full 0):
 garbage-first heap   total 761856K, used 270595K [0x0000000700000000, 0x0000000800000000)
  region size 2048K, 7 young (14336K), 7 survivors (14336K)
 Metaspace       used 173351K, committed 175360K, reserved 1245184K
  class space    used 23126K, committed 24064K, reserved 1048576K
}
Event: 4803.835 GC heap before
{Heap before GC invocations=105 (full 0):
 garbage-first heap   total 761856K, used 626947K [0x0000000700000000, 0x0000000800000000)
  region size 2048K, 181 young (370688K), 7 survivors (14336K)
 Metaspace       used 174173K, committed 176192K, reserved 1245184K
  class space    used 23251K, committed 24192K, reserved 1048576K
}
Event: 4803.878 GC heap after
{Heap after GC invocations=106 (full 0):
 garbage-first heap   total 761856K, used 279533K [0x0000000700000000, 0x0000000800000000)
  region size 2048K, 11 young (22528K), 11 survivors (22528K)
 Metaspace       used 174173K, committed 176192K, reserved 1245184K
  class space    used 23251K, committed 24192K, reserved 1048576K
}
Event: 4805.045 GC heap before
{Heap before GC invocations=106 (full 0):
 garbage-first heap   total 761856K, used 629741K [0x0000000700000000, 0x0000000800000000)
  region size 2048K, 183 young (374784K), 11 survivors (22528K)
 Metaspace       used 175726K, committed 177792K, reserved 1245184K
  class space    used 23487K, committed 24448K, reserved 1048576K
}

