# JRE version: OpenJDK Runtime Environment (17.0.11) (build 17.0.11+0--11852314)
# Java VM: OpenJDK 64-Bit Server VM (17.0.11+0--11852314, mixed mode, tiered, compressed oops, compressed class ptrs, g1 gc, windows-amd64)
GC Precious Log:
 CPUs: 8 total, 8 available
 Memory: 6005M
 Large Page Support: Disabled
 NUMA Support: Disabled
 Compressed Oops: Enabled (Zero based)
 Heap Region Size: 2M
 Heap Min Capacity: 8M
 Heap Initial Capacity: 94M
 Heap Max Capacity: 4G
 Pre-touch: Disabled
 Parallel Workers: 8
 Concurrent Workers: 2
 Concurrent Refinement Workers: 8
 Periodic GC: Disabled
Heap:
 garbage-first heap   total 573440K, used 456151K [0x0000000700000000, 0x0000000800000000)
  region size 2048K, 12 young (24576K), 4 survivors (8192K)
 Metaspace       used 142280K, committed 143488K, reserved 1179648K
  class space    used 19749K, committed 20352K, reserved 1048576K
GC Heap History (20 events):
Event: 52.212 GC heap before
{Heap before GC invocations=61 (full 0):
 garbage-first heap   total 253952K, used 203166K [0x0000000700000000, 0x0000000800000000)
  region size 2048K, 30 young (61440K), 2 survivors (4096K)
 Metaspace       used 112177K, committed 113280K, reserved 1179648K
  class space    used 15528K, committed 16000K, reserved 1048576K
}
Event: 52.217 GC heap after
{Heap after GC invocations=62 (full 0):
 garbage-first heap   total 253952K, used 150114K [0x0000000700000000, 0x0000000800000000)
  region size 2048K, 3 young (6144K), 3 survivors (6144K)
 Metaspace       used 112177K, committed 113280K, reserved 1179648K
  class space    used 15528K, committed 16000K, reserved 1048576K
}
Event: 53.357 GC heap before
{Heap before GC invocations=63 (full 0):
 garbage-first heap   total 264192K, used 207458K [0x0000000700000000, 0x0000000800000000)
  region size 2048K, 32 young (65536K), 3 survivors (6144K)
 Metaspace       used 113048K, committed 114048K, reserved 1179648K
  class space    used 15611K, committed 16064K, reserved 1048576K
}
Event: 53.365 GC heap after
{Heap after GC invocations=64 (full 0):
 garbage-first heap   total 264192K, used 155441K [0x0000000700000000, 0x0000000800000000)
  region size 2048K, 4 young (8192K), 4 survivors (8192K)
 Metaspace       used 113048K, committed 114048K, reserved 1179648K
  class space    used 15611K, committed 16064K, reserved 1048576K
}
Event: 53.428 GC heap before
{Heap before GC invocations=64 (full 0):
 garbage-first heap   total 264192K, used 159537K [0x0000000700000000, 0x0000000800000000)
  region size 2048K, 6 young (12288K), 4 survivors (8192K)
 Metaspace       used 113275K, committed 114368K, reserved 1179648K
  class space    used 15632K, committed 16128K, reserved 1048576K
}
Event: 53.436 GC heap after
{Heap after GC invocations=65 (full 0):
 garbage-first heap   total 264192K, used 155162K [0x0000000700000000, 0x0000000800000000)
  region size 2048K, 1 young (2048K), 1 survivors (2048K)
 Metaspace       used 113275K, committed 114368K, reserved 1179648K
  class space    used 15632K, committed 16128K, reserved 1048576K
}
Event: 54.289 GC heap before
{Heap before GC invocations=65 (full 0):
 garbage-first heap   total 264192K, used 214554K [0x0000000700000000, 0x0000000800000000)
  region size 2048K, 30 young (61440K), 1 survivors (2048K)
 Metaspace       used 114481K, committed 115584K, reserved 1179648K
  class space    used 15803K, committed 16320K, reserved 1048576K
}
Event: 54.293 GC heap after
{Heap after GC invocations=66 (full 0):
 garbage-first heap   total 264192K, used 160929K [0x0000000700000000, 0x0000000800000000)
  region size 2048K, 3 young (6144K), 3 survivors (6144K)
 Metaspace       used 114481K, committed 115584K, reserved 1179648K
  class space    used 15803K, committed 16320K, reserved 1048576K
}
Event: 56.527 GC heap before
{Heap before GC invocations=67 (full 0):
 garbage-first heap   total 286720K, used 216225K [0x0000000700000000, 0x0000000800000000)
  region size 2048K, 30 young (61440K), 3 survivors (6144K)
 Metaspace       used 119103K, committed 120128K, reserved 1179648K
  class space    used 16415K, committed 16896K, reserved 1048576K
}
Event: 56.534 GC heap after
{Heap after GC invocations=68 (full 0):
 garbage-first heap   total 573440K, used 164031K [0x0000000700000000, 0x0000000800000000)
  region size 2048K, 2 young (4096K), 2 survivors (4096K)
 Metaspace       used 119103K, committed 120128K, reserved 1179648K
  class space    used 16415K, committed 16896K, reserved 1048576K
}
Event: 56.915 GC heap before
{Heap before GC invocations=68 (full 0):
 garbage-first heap   total 573440K, used 186559K [0x0000000700000000, 0x0000000800000000)
  region size 2048K, 14 young (28672K), 2 survivors (4096K)
 Metaspace       used 120930K, committed 121984K, reserved 1179648K
  class space    used 16639K, committed 17152K, reserved 1048576K
}
Event: 56.920 GC heap after
{Heap after GC invocations=69 (full 0):
 garbage-first heap   total 573440K, used 164989K [0x0000000700000000, 0x0000000800000000)
  region size 2048K, 1 young (2048K), 1 survivors (2048K)
 Metaspace       used 120930K, committed 121984K, reserved 1179648K
  class space    used 16639K, committed 17152K, reserved 1048576K
}
Event: 58.914 GC heap before
{Heap before GC invocations=69 (full 0):
 garbage-first heap   total 573440K, used 425085K [0x0000000700000000, 0x0000000800000000)
  region size 2048K, 119 young (243712K), 1 survivors (2048K)
 Metaspace       used 133500K, committed 134656K, reserved 1179648K
  class space    used 18554K, committed 19072K, reserved 1048576K
}
Event: 58.967 GC heap after
{Heap after GC invocations=70 (full 0):
 garbage-first heap   total 573440K, used 196936K [0x0000000700000000, 0x0000000800000000)
  region size 2048K, 13 young (26624K), 13 survivors (26624K)
 Metaspace       used 133500K, committed 134656K, reserved 1179648K
  class space    used 18554K, committed 19072K, reserved 1048576K
}
Event: 60.672 GC heap before
{Heap before GC invocations=70 (full 0):
 garbage-first heap   total 573440K, used 418120K [0x0000000700000000, 0x0000000800000000)
  region size 2048K, 121 young (247808K), 13 survivors (26624K)
 Metaspace       used 137299K, committed 138432K, reserved 1179648K
  class space    used 19172K, committed 19648K, reserved 1048576K
}
Event: 60.728 GC heap after
{Heap after GC invocations=71 (full 0):
 garbage-first heap   total 573440K, used 198582K [0x0000000700000000, 0x0000000800000000)
  region size 2048K, 5 young (10240K), 5 survivors (10240K)
 Metaspace       used 137299K, committed 138432K, reserved 1179648K
  class space    used 19172K, committed 19648K, reserved 1048576K
}
Event: 62.190 GC heap before
{Heap before GC invocations=71 (full 0):
 garbage-first heap   total 573440K, used 440246K [0x0000000700000000, 0x0000000800000000)
  region size 2048K, 123 young (251904K), 5 survivors (10240K)
 Metaspace       used 138101K, committed 139264K, reserved 1179648K
  class space    used 19205K, committed 19712K, reserved 1048576K
}
Event: 62.194 GC heap after
{Heap after GC invocations=72 (full 0):
 garbage-first heap   total 573440K, used 194926K [0x0000000700000000, 0x0000000800000000)
  region size 2048K, 3 young (6144K), 3 survivors (6144K)
 Metaspace       used 138101K, committed 139264K, reserved 1179648K
  class space    used 19205K, committed 19712K, reserved 1048576K
}
Event: 70.513 GC heap before
{Heap before GC invocations=72 (full 0):
 garbage-first heap   total 573440K, used 432494K [0x0000000700000000, 0x0000000800000000)
  region size 2048K, 76 young (155648K), 3 survivors (6144K)
 Metaspace       used 141760K, committed 142912K, reserved 1179648K
  class space    used 19663K, committed 20160K, reserved 1048576K
}
Event: 70.636 GC heap after
{Heap after GC invocations=73 (full 0):
 garbage-first heap   total 573440K, used 282071K [0x0000000700000000, 0x0000000800000000)
  region size 2048K, 4 young (8192K), 4 survivors (8192K)
 Metaspace       used 141760K, committed 142912K, reserved 1179648K
  class space    used 19663K, committed 20160K, reserved 1048576K
}

