# JRE version: OpenJDK Runtime Environment (17.0.11) (build 17.0.11+0--11852314)
# Java VM: OpenJDK 64-Bit Server VM (17.0.11+0--11852314, mixed mode, tiered, compressed oops, compressed class ptrs, g1 gc, windows-amd64)
GC Precious Log:
 CPUs: 8 total, 8 available
 Memory: 6005M
 Large Page Support: Disabled
 NUMA Support: Disabled
 Compressed Oops: Enabled (Zero based)
 Heap Region Size: 2M
 Heap Min Capacity: 8M
 Heap Initial Capacity: 94M
 Heap Max Capacity: 4G
 Pre-touch: Disabled
 Parallel Workers: 8
 Concurrent Workers: 2
 Concurrent Refinement Workers: 8
 Periodic GC: Disabled
Heap:
 garbage-first heap   total 731136K, used 384983K [0x0000000700000000, 0x0000000800000000)
  region size 2048K, 10 young (20480K), 10 survivors (20480K)
 Metaspace       used 150631K, committed 151872K, reserved 1245184K
  class space    used 20819K, committed 21376K, reserved 1048576K
GC Heap History (20 events):
Event: 90.331 GC heap after
{Heap after GC invocations=113 (full 0):
 garbage-first heap   total 731136K, used 370429K [0x0000000700000000, 0x0000000800000000)
  region size 2048K, 4 young (8192K), 4 survivors (8192K)
 Metaspace       used 138738K, committed 139904K, reserved 1179648K
  class space    used 19284K, committed 19776K, reserved 1048576K
}
Event: 93.093 GC heap before
{Heap before GC invocations=113 (full 0):
 garbage-first heap   total 731136K, used 622333K [0x0000000700000000, 0x0000000800000000)
  region size 2048K, 127 young (260096K), 4 survivors (8192K)
 Metaspace       used 138747K, committed 139904K, reserved 1179648K
  class space    used 19286K, committed 19776K, reserved 1048576K
}
Event: 93.104 GC heap after
{Heap after GC invocations=114 (full 0):
 garbage-first heap   total 731136K, used 372083K [0x0000000700000000, 0x0000000800000000)
  region size 2048K, 4 young (8192K), 4 survivors (8192K)
 Metaspace       used 138747K, committed 139904K, reserved 1179648K
  class space    used 19286K, committed 19776K, reserved 1048576K
}
Event: 94.880 GC heap before
{Heap before GC invocations=114 (full 0):
 garbage-first heap   total 731136K, used 630131K [0x0000000700000000, 0x0000000800000000)
  region size 2048K, 130 young (266240K), 4 survivors (8192K)
 Metaspace       used 138758K, committed 139904K, reserved 1179648K
  class space    used 19286K, committed 19776K, reserved 1048576K
}
Event: 94.890 GC heap after
{Heap after GC invocations=115 (full 0):
 garbage-first heap   total 731136K, used 373749K [0x0000000700000000, 0x0000000800000000)
  region size 2048K, 5 young (10240K), 5 survivors (10240K)
 Metaspace       used 138758K, committed 139904K, reserved 1179648K
  class space    used 19286K, committed 19776K, reserved 1048576K
}
Event: 96.519 GC heap before
{Heap before GC invocations=115 (full 0):
 garbage-first heap   total 731136K, used 633845K [0x0000000700000000, 0x0000000800000000)
  region size 2048K, 132 young (270336K), 5 survivors (10240K)
 Metaspace       used 138775K, committed 139904K, reserved 1179648K
  class space    used 19286K, committed 19776K, reserved 1048576K
}
Event: 96.531 GC heap after
{Heap after GC invocations=116 (full 0):
 garbage-first heap   total 731136K, used 375658K [0x0000000700000000, 0x0000000800000000)
  region size 2048K, 6 young (12288K), 6 survivors (12288K)
 Metaspace       used 138775K, committed 139904K, reserved 1179648K
  class space    used 19286K, committed 19776K, reserved 1048576K
}
Event: 97.790 GC heap before
{Heap before GC invocations=116 (full 0):
 garbage-first heap   total 731136K, used 637802K [0x0000000700000000, 0x0000000800000000)
  region size 2048K, 134 young (274432K), 6 survivors (12288K)
 Metaspace       used 138778K, committed 139904K, reserved 1179648K
  class space    used 19286K, committed 19776K, reserved 1048576K
}
Event: 97.802 GC heap after
{Heap after GC invocations=117 (full 0):
 garbage-first heap   total 731136K, used 376956K [0x0000000700000000, 0x0000000800000000)
  region size 2048K, 7 young (14336K), 7 survivors (14336K)
 Metaspace       used 138778K, committed 139904K, reserved 1179648K
  class space    used 19286K, committed 19776K, reserved 1048576K
}
Event: 98.858 GC heap before
{Heap before GC invocations=117 (full 0):
 garbage-first heap   total 731136K, used 639100K [0x0000000700000000, 0x0000000800000000)
  region size 2048K, 135 young (276480K), 7 survivors (14336K)
 Metaspace       used 138778K, committed 139904K, reserved 1179648K
  class space    used 19286K, committed 19776K, reserved 1048576K
}
Event: 98.870 GC heap after
{Heap after GC invocations=118 (full 0):
 garbage-first heap   total 731136K, used 377909K [0x0000000700000000, 0x0000000800000000)
  region size 2048K, 7 young (14336K), 7 survivors (14336K)
 Metaspace       used 138778K, committed 139904K, reserved 1179648K
  class space    used 19286K, committed 19776K, reserved 1048576K
}
Event: 100.100 GC heap before
{Heap before GC invocations=118 (full 0):
 garbage-first heap   total 731136K, used 642101K [0x0000000700000000, 0x0000000800000000)
  region size 2048K, 136 young (278528K), 7 survivors (14336K)
 Metaspace       used 138919K, committed 140032K, reserved 1179648K
  class space    used 19292K, committed 19776K, reserved 1048576K
}
Event: 100.116 GC heap after
{Heap after GC invocations=119 (full 0):
 garbage-first heap   total 731136K, used 384371K [0x0000000700000000, 0x0000000800000000)
  region size 2048K, 10 young (20480K), 10 survivors (20480K)
 Metaspace       used 138919K, committed 140032K, reserved 1179648K
  class space    used 19292K, committed 19776K, reserved 1048576K
}
Event: 104.321 GC heap before
{Heap before GC invocations=119 (full 0):
 garbage-first heap   total 731136K, used 550259K [0x0000000700000000, 0x0000000800000000)
  region size 2048K, 81 young (165888K), 10 survivors (20480K)
 Metaspace       used 139940K, committed 141056K, reserved 1179648K
  class space    used 19447K, committed 19968K, reserved 1048576K
}
Event: 104.404 GC heap after
{Heap after GC invocations=120 (full 0):
 garbage-first heap   total 731136K, used 401726K [0x0000000700000000, 0x0000000800000000)
  region size 2048K, 11 young (22528K), 11 survivors (22528K)
 Metaspace       used 139940K, committed 141056K, reserved 1179648K
  class space    used 19447K, committed 19968K, reserved 1048576K
}
Event: 105.783 GC heap before
{Heap before GC invocations=120 (full 0):
 garbage-first heap   total 731136K, used 643390K [0x0000000700000000, 0x0000000800000000)
  region size 2048K, 121 young (247808K), 11 survivors (22528K)
 Metaspace       used 142149K, committed 143424K, reserved 1179648K
  class space    used 19729K, committed 20288K, reserved 1048576K
}
Event: 105.862 GC heap after
{Heap after GC invocations=121 (full 0):
 garbage-first heap   total 731136K, used 450477K [0x0000000700000000, 0x0000000800000000)
  region size 2048K, 16 young (32768K), 16 survivors (32768K)
 Metaspace       used 142149K, committed 143424K, reserved 1179648K
  class space    used 19729K, committed 20288K, reserved 1048576K
}
Event: 107.311 GC heap before
{Heap before GC invocations=121 (full 0):
 garbage-first heap   total 731136K, used 632749K [0x0000000700000000, 0x0000000800000000)
  region size 2048K, 92 young (188416K), 16 survivors (32768K)
 Metaspace       used 147082K, committed 148288K, reserved 1179648K
  class space    used 20342K, committed 20864K, reserved 1048576K
}
Event: 107.342 GC heap after
{Heap after GC invocations=122 (full 0):
 garbage-first heap   total 731136K, used 432736K [0x0000000700000000, 0x0000000800000000)
  region size 2048K, 3 young (6144K), 3 survivors (6144K)
 Metaspace       used 147082K, committed 148288K, reserved 1179648K
  class space    used 20342K, committed 20864K, reserved 1048576K
}
Event: 111.517 GC heap before
{Heap before GC invocations=123 (full 0):
 garbage-first heap   total 731136K, used 543328K [0x0000000700000000, 0x0000000800000000)
  region size 2048K, 88 young (180224K), 3 survivors (6144K)
 Metaspace       used 150631K, committed 151872K, reserved 1245184K
  class space    used 20819K, committed 21376K, reserved 1048576K
}

