# JRE version: OpenJDK Runtime Environment (17.0.11) (build 17.0.11+0--11852314)
# Java VM: OpenJDK 64-Bit Server VM (17.0.11+0--11852314, mixed mode, tiered, compressed oops, compressed class ptrs, g1 gc, windows-amd64)
GC Precious Log:
 CPUs: 8 total, 8 available
 Memory: 6005M
 Large Page Support: Disabled
 NUMA Support: Disabled
 Compressed Oops: Enabled (Zero based)
 Heap Region Size: 2M
 Heap Min Capacity: 8M
 Heap Initial Capacity: 94M
 Heap Max Capacity: 4G
 Pre-touch: Disabled
 Parallel Workers: 8
 Concurrent Workers: 2
 Concurrent Refinement Workers: 8
 Periodic GC: Disabled
Heap:
 garbage-first heap   total 577536K, used 281450K [0x0000000700000000, 0x0000000800000000)
  region size 2048K, 3 young (6144K), 3 survivors (6144K)
 Metaspace       used 154604K, committed 155840K, reserved 1245184K
  class space    used 20893K, committed 21440K, reserved 1048576K
GC Heap History (20 events):
Event: 102.528 GC heap after
{Heap after GC invocations=76 (full 0):
 garbage-first heap   total 577536K, used 324839K [0x0000000700000000, 0x0000000800000000)
  region size 2048K, 6 young (12288K), 6 survivors (12288K)
 Metaspace       used 137381K, committed 138560K, reserved 1179648K
  class space    used 18331K, committed 18880K, reserved 1048576K
}
Event: 104.558 GC heap before
{Heap before GC invocations=76 (full 0):
 garbage-first heap   total 577536K, used 462055K [0x0000000700000000, 0x0000000800000000)
  region size 2048K, 74 young (151552K), 6 survivors (12288K)
 Metaspace       used 143724K, committed 144896K, reserved 1179648K
  class space    used 19230K, committed 19776K, reserved 1048576K
}
Event: 104.576 GC heap after
{Heap after GC invocations=77 (full 0):
 garbage-first heap   total 577536K, used 342901K [0x0000000700000000, 0x0000000800000000)
  region size 2048K, 10 young (20480K), 10 survivors (20480K)
 Metaspace       used 143724K, committed 144896K, reserved 1179648K
  class space    used 19230K, committed 19776K, reserved 1048576K
}
Event: 105.415 GC heap before
{Heap before GC invocations=77 (full 0):
 garbage-first heap   total 577536K, used 461685K [0x0000000700000000, 0x0000000800000000)
  region size 2048K, 69 young (141312K), 10 survivors (20480K)
 Metaspace       used 146853K, committed 148096K, reserved 1179648K
  class space    used 19824K, committed 20416K, reserved 1048576K
}
Event: 105.439 GC heap after
{Heap after GC invocations=78 (full 0):
 garbage-first heap   total 577536K, used 362113K [0x0000000700000000, 0x0000000800000000)
  region size 2048K, 9 young (18432K), 9 survivors (18432K)
 Metaspace       used 146853K, committed 148096K, reserved 1179648K
  class space    used 19824K, committed 20416K, reserved 1048576K
}
Event: 106.317 GC heap before
{Heap before GC invocations=79 (full 0):
 garbage-first heap   total 577536K, used 429697K [0x0000000700000000, 0x0000000800000000)
  region size 2048K, 62 young (126976K), 9 survivors (18432K)
 Metaspace       used 150913K, committed 152064K, reserved 1179648K
  class space    used 20457K, committed 20992K, reserved 1048576K
}
Event: 106.335 GC heap after
{Heap after GC invocations=80 (full 0):
 garbage-first heap   total 577536K, used 320352K [0x0000000700000000, 0x0000000800000000)
  region size 2048K, 5 young (10240K), 5 survivors (10240K)
 Metaspace       used 150913K, committed 152064K, reserved 1179648K
  class space    used 20457K, committed 20992K, reserved 1048576K
}
Event: 106.414 GC heap before
{Heap before GC invocations=80 (full 0):
 garbage-first heap   total 577536K, used 338784K [0x0000000700000000, 0x0000000800000000)
  region size 2048K, 14 young (28672K), 5 survivors (10240K)
 Metaspace       used 151110K, committed 152320K, reserved 1245184K
  class space    used 20488K, committed 21056K, reserved 1048576K
}
Event: 106.423 GC heap after
{Heap after GC invocations=81 (full 0):
 garbage-first heap   total 577536K, used 312008K [0x0000000700000000, 0x0000000800000000)
  region size 2048K, 1 young (2048K), 1 survivors (2048K)
 Metaspace       used 151110K, committed 152320K, reserved 1245184K
  class space    used 20488K, committed 21056K, reserved 1048576K
}
Event: 106.964 GC heap before
{Heap before GC invocations=81 (full 0):
 garbage-first heap   total 577536K, used 461512K [0x0000000700000000, 0x0000000800000000)
  region size 2048K, 74 young (151552K), 1 survivors (2048K)
 Metaspace       used 151964K, committed 153216K, reserved 1245184K
  class space    used 20593K, committed 21184K, reserved 1048576K
}
Event: 106.975 GC heap after
{Heap after GC invocations=82 (full 0):
 garbage-first heap   total 577536K, used 318715K [0x0000000700000000, 0x0000000800000000)
  region size 2048K, 5 young (10240K), 5 survivors (10240K)
 Metaspace       used 151964K, committed 153216K, reserved 1245184K
  class space    used 20593K, committed 21184K, reserved 1048576K
}
Event: 107.495 GC heap before
{Heap before GC invocations=82 (full 0):
 garbage-first heap   total 577536K, used 470267K [0x0000000700000000, 0x0000000800000000)
  region size 2048K, 79 young (161792K), 5 survivors (10240K)
 Metaspace       used 152895K, committed 154176K, reserved 1245184K
  class space    used 20736K, committed 21312K, reserved 1048576K
}
Event: 107.505 GC heap after
{Heap after GC invocations=83 (full 0):
 garbage-first heap   total 577536K, used 322402K [0x0000000700000000, 0x0000000800000000)
  region size 2048K, 6 young (12288K), 6 survivors (12288K)
 Metaspace       used 152895K, committed 154176K, reserved 1245184K
  class space    used 20736K, committed 21312K, reserved 1048576K
}
Event: 107.982 GC heap before
{Heap before GC invocations=83 (full 0):
 garbage-first heap   total 577536K, used 480098K [0x0000000700000000, 0x0000000800000000)
  region size 2048K, 83 young (169984K), 6 survivors (12288K)
 Metaspace       used 154080K, committed 155328K, reserved 1245184K
  class space    used 20845K, committed 21376K, reserved 1048576K
}
Event: 107.995 GC heap after
{Heap after GC invocations=84 (full 0):
 garbage-first heap   total 577536K, used 328173K [0x0000000700000000, 0x0000000800000000)
  region size 2048K, 9 young (18432K), 9 survivors (18432K)
 Metaspace       used 154080K, committed 155328K, reserved 1245184K
  class space    used 20845K, committed 21376K, reserved 1048576K
}
Event: 108.403 GC heap before
{Heap before GC invocations=85 (full 0):
 garbage-first heap   total 577536K, used 428525K [0x0000000700000000, 0x0000000800000000)
  region size 2048K, 85 young (174080K), 9 survivors (18432K)
 Metaspace       used 154214K, committed 155456K, reserved 1245184K
  class space    used 20844K, committed 21376K, reserved 1048576K
}
Event: 108.424 GC heap after
{Heap after GC invocations=86 (full 0):
 garbage-first heap   total 577536K, used 284911K [0x0000000700000000, 0x0000000800000000)
  region size 2048K, 11 young (22528K), 11 survivors (22528K)
 Metaspace       used 154214K, committed 155456K, reserved 1245184K
  class space    used 20844K, committed 21376K, reserved 1048576K
}
Event: 108.434 GC heap before
{Heap before GC invocations=86 (full 0):
 garbage-first heap   total 577536K, used 291055K [0x0000000700000000, 0x0000000800000000)
  region size 2048K, 14 young (28672K), 11 survivors (22528K)
 Metaspace       used 154221K, committed 155456K, reserved 1245184K
  class space    used 20846K, committed 21376K, reserved 1048576K
}
Event: 108.446 GC heap after
{Heap after GC invocations=87 (full 0):
 garbage-first heap   total 577536K, used 279280K [0x0000000700000000, 0x0000000800000000)
  region size 2048K, 2 young (4096K), 2 survivors (4096K)
 Metaspace       used 154221K, committed 155456K, reserved 1245184K
  class space    used 20846K, committed 21376K, reserved 1048576K
}
Event: 108.810 GC heap before
{Heap before GC invocations=87 (full 0):
 garbage-first heap   total 577536K, used 477936K [0x0000000700000000, 0x0000000800000000)
  region size 2048K, 99 young (202752K), 2 survivors (4096K)
 Metaspace       used 154604K, committed 155840K, reserved 1245184K
  class space    used 20893K, committed 21440K, reserved 1048576K
}

